2017-11-12 00:49:29.313+0000 WARN [o.n.i.p.PageCache] The dbms.memory.pagecache.size setting has not been configured. It is recommended that this setting is always explicitly configured, to ensure the system has a balanced configuration. Until then, a computed heuristic value of 2505310208 bytes will be used instead. 
2017-11-12 00:49:29.360+0000 INFO [o.n.k.i.f.CommunityEditionModule] No locking implementation specified, defaulting to 'community'
2017-11-12 00:49:29.391+0000 INFO [o.n.k.AvailabilityGuard] Requirement makes database unavailable: Database available
2017-11-12 00:49:29.392+0000 INFO [o.n.k.i.DiagnosticsManager] --- INITIALIZED diagnostics START ---
2017-11-12 00:49:29.392+0000 INFO [o.n.k.i.DiagnosticsManager] Neo4j Kernel properties:
2017-11-12 00:49:29.392+0000 INFO [o.n.k.i.DiagnosticsManager] dbms.connector.http.enabled=true
2017-11-12 00:49:29.392+0000 INFO [o.n.k.i.DiagnosticsManager] dbms.security.auth_enabled=true
2017-11-12 00:49:29.392+0000 INFO [o.n.k.i.DiagnosticsManager] dbms.connector.bolt.type=BOLT
2017-11-12 00:49:29.392+0000 INFO [o.n.k.i.DiagnosticsManager] unsupported.dbms.directories.neo4j_home=/Users/thiagocmoreira/Desktop/bom-sabor-neo4j
2017-11-12 00:49:29.392+0000 INFO [o.n.k.i.DiagnosticsManager] dbms.directories.import=import
2017-11-12 00:49:29.392+0000 INFO [o.n.k.i.DiagnosticsManager] dbms.connector.https.enabled=true
2017-11-12 00:49:29.392+0000 INFO [o.n.k.i.DiagnosticsManager] dbms.connector.http.type=HTTP
2017-11-12 00:49:29.392+0000 INFO [o.n.k.i.DiagnosticsManager] unsupported.dbms.directories.database=/Users/thiagocmoreira/Desktop/bom-sabor-neo4j
2017-11-12 00:49:29.392+0000 INFO [o.n.k.i.DiagnosticsManager] dbms.logs.http.enabled=false
2017-11-12 00:49:29.392+0000 INFO [o.n.k.i.DiagnosticsManager] dbms.connector.https.type=HTTP
2017-11-12 00:49:29.392+0000 INFO [o.n.k.i.DiagnosticsManager] unsupported.dbms.edition=community
2017-11-12 00:49:29.392+0000 INFO [o.n.k.i.DiagnosticsManager] dbms.connector.bolt.enabled=true
2017-11-12 00:49:29.392+0000 INFO [o.n.k.i.DiagnosticsManager] Diagnostics providers:
2017-11-12 00:49:29.392+0000 INFO [o.n.k.i.DiagnosticsManager] org.neo4j.kernel.configuration.Config
2017-11-12 00:49:29.392+0000 INFO [o.n.k.i.DiagnosticsManager] org.neo4j.kernel.info.DiagnosticsManager
2017-11-12 00:49:29.393+0000 INFO [o.n.k.i.DiagnosticsManager] SYSTEM_MEMORY
2017-11-12 00:49:29.393+0000 INFO [o.n.k.i.DiagnosticsManager] JAVA_MEMORY
2017-11-12 00:49:29.393+0000 INFO [o.n.k.i.DiagnosticsManager] OPERATING_SYSTEM
2017-11-12 00:49:29.393+0000 INFO [o.n.k.i.DiagnosticsManager] JAVA_VIRTUAL_MACHINE
2017-11-12 00:49:29.393+0000 INFO [o.n.k.i.DiagnosticsManager] CLASSPATH
2017-11-12 00:49:29.393+0000 INFO [o.n.k.i.DiagnosticsManager] LIBRARY_PATH
2017-11-12 00:49:29.393+0000 INFO [o.n.k.i.DiagnosticsManager] SYSTEM_PROPERTIES
2017-11-12 00:49:29.393+0000 INFO [o.n.k.i.DiagnosticsManager] NETWORK
2017-11-12 00:49:29.393+0000 INFO [o.n.k.i.DiagnosticsManager] System memory information:
2017-11-12 00:49:29.393+0000 INFO [o.n.k.i.DiagnosticsManager] Total Physical memory: 6.00 GB
2017-11-12 00:49:29.393+0000 INFO [o.n.k.i.DiagnosticsManager] Free Physical memory: 423.48 MB
2017-11-12 00:49:29.393+0000 INFO [o.n.k.i.DiagnosticsManager] Committed virtual memory: 8.13 GB
2017-11-12 00:49:29.393+0000 INFO [o.n.k.i.DiagnosticsManager] Total swap space: 3.00 GB
2017-11-12 00:49:29.393+0000 INFO [o.n.k.i.DiagnosticsManager] Free swap space: 1.37 GB
2017-11-12 00:49:29.393+0000 INFO [o.n.k.i.DiagnosticsManager] JVM memory information:
2017-11-12 00:49:29.393+0000 INFO [o.n.k.i.DiagnosticsManager] Free  memory: 331.65 MB
2017-11-12 00:49:29.393+0000 INFO [o.n.k.i.DiagnosticsManager] Total memory: 444.50 MB
2017-11-12 00:49:29.393+0000 INFO [o.n.k.i.DiagnosticsManager] Max   memory: 1.33 GB
2017-11-12 00:49:29.393+0000 INFO [o.n.k.i.DiagnosticsManager] Garbage Collector: PS Scavenge: [PS Eden Space, PS Survivor Space]
2017-11-12 00:49:29.393+0000 INFO [o.n.k.i.DiagnosticsManager] Garbage Collector: PS MarkSweep: [PS Eden Space, PS Survivor Space, PS Old Gen]
2017-11-12 00:49:29.393+0000 INFO [o.n.k.i.DiagnosticsManager] Memory Pool: Code Cache (Non-heap memory): committed=15.56 MB, used=15.44 MB, max=240.00 MB, threshold=0.00 B
2017-11-12 00:49:29.394+0000 INFO [o.n.k.i.DiagnosticsManager] Memory Pool: Metaspace (Non-heap memory): committed=64.02 MB, used=62.33 MB, max=-1.00 B, threshold=0.00 B
2017-11-12 00:49:29.394+0000 INFO [o.n.k.i.DiagnosticsManager] Memory Pool: Compressed Class Space (Non-heap memory): committed=10.05 MB, used=9.74 MB, max=1.00 GB, threshold=0.00 B
2017-11-12 00:49:29.394+0000 INFO [o.n.k.i.DiagnosticsManager] Memory Pool: PS Eden Space (Heap memory): committed=324.00 MB, used=50.71 MB, max=454.00 MB, threshold=?
2017-11-12 00:49:29.394+0000 INFO [o.n.k.i.DiagnosticsManager] Memory Pool: PS Survivor Space (Heap memory): committed=28.00 MB, used=22.00 MB, max=28.00 MB, threshold=?
2017-11-12 00:49:29.395+0000 INFO [o.n.k.i.DiagnosticsManager] Memory Pool: PS Old Gen (Heap memory): committed=92.50 MB, used=43.77 MB, max=1.00 GB, threshold=0.00 B
2017-11-12 00:49:29.395+0000 INFO [o.n.k.i.DiagnosticsManager] Operating system information:
2017-11-12 00:49:29.395+0000 INFO [o.n.k.i.DiagnosticsManager] Operating System: Mac OS X; version: 10.13; arch: x86_64; cpus: 4
2017-11-12 00:49:29.395+0000 INFO [o.n.k.i.DiagnosticsManager] Max number of file descriptors: 10240
2017-11-12 00:49:29.395+0000 INFO [o.n.k.i.DiagnosticsManager] Number of open file descriptors: 46
2017-11-12 00:49:34.403+0000 INFO [o.n.k.i.DiagnosticsManager] Process id: 54052@MacBook-Pro-de-Thiago.local
2017-11-12 00:49:34.403+0000 INFO [o.n.k.i.DiagnosticsManager] Byte order: LITTLE_ENDIAN
2017-11-12 00:49:34.403+0000 INFO [o.n.k.i.DiagnosticsManager] Local timezone: America/Sao_Paulo
2017-11-12 00:49:34.403+0000 INFO [o.n.k.i.DiagnosticsManager] JVM information:
2017-11-12 00:49:34.403+0000 INFO [o.n.k.i.DiagnosticsManager] VM Name: Java HotSpot(TM) 64-Bit Server VM
2017-11-12 00:49:34.403+0000 INFO [o.n.k.i.DiagnosticsManager] VM Vendor: Oracle Corporation
2017-11-12 00:49:34.403+0000 INFO [o.n.k.i.DiagnosticsManager] VM Version: 25.60-b23
2017-11-12 00:49:34.403+0000 INFO [o.n.k.i.DiagnosticsManager] JIT compiler: HotSpot 64-Bit Tiered Compilers
2017-11-12 00:49:34.403+0000 INFO [o.n.k.i.DiagnosticsManager] VM Arguments: [-Dfile.encoding=UTF-8, -Dinstall4j.launcherId=24, -Dinstall4j.swt=false, -Dexe4j.moduleName=/Applications/Neo4j Community Edition 3.2.3.app, -Di4j.ownBundlePath=/Applications/Neo4j Community Edition 3.2.3.app, -Di4j.jreBundle=/Applications/Neo4j Community Edition 3.2.3.app/Contents/Resources/jre.bundle]
2017-11-12 00:49:34.403+0000 INFO [o.n.k.i.DiagnosticsManager] Java classpath:
2017-11-12 00:49:34.405+0000 INFO [o.n.k.i.DiagnosticsManager]  [bootstrap] /Applications/Neo4j Community Edition 3.2.3.app/Contents/Resources/jre.bundle/Contents/Home/jre/lib/sunrsasign.jar
2017-11-12 00:49:34.405+0000 INFO [o.n.k.i.DiagnosticsManager]  [loader.1] file:/Applications/Neo4j%20Community%20Edition%203.2.3.app/Contents/Resources/jre.bundle/Contents/Home/jre/lib/ext/sunpkcs11.jar
2017-11-12 00:49:34.405+0000 INFO [o.n.k.i.DiagnosticsManager]  [classpath] /Applications/Neo4j Community Edition 3.2.3.app/Contents/Resources/app/bin/neo4j-desktop-3.2.3.jar
2017-11-12 00:49:34.405+0000 INFO [o.n.k.i.DiagnosticsManager]  [bootstrap] /Applications/Neo4j Community Edition 3.2.3.app/Contents/Resources/jre.bundle/Contents/Home/jre/lib/resources.jar
2017-11-12 00:49:34.405+0000 INFO [o.n.k.i.DiagnosticsManager]  [bootstrap] /Applications/Neo4j Community Edition 3.2.3.app/Contents/Resources/jre.bundle/Contents/Home/jre/lib/rt.jar
2017-11-12 00:49:34.405+0000 INFO [o.n.k.i.DiagnosticsManager]  [bootstrap] /Applications/Neo4j Community Edition 3.2.3.app/Contents/Resources/jre.bundle/Contents/Home/jre/lib/jce.jar
2017-11-12 00:49:34.405+0000 INFO [o.n.k.i.DiagnosticsManager]  [bootstrap] /Applications/Neo4j Community Edition 3.2.3.app/Contents/Resources/jre.bundle/Contents/Home/jre/lib/jfr.jar
2017-11-12 00:49:34.405+0000 INFO [o.n.k.i.DiagnosticsManager]  [bootstrap] /Applications/Neo4j Community Edition 3.2.3.app/Contents/Resources/jre.bundle/Contents/Home/jre/classes
2017-11-12 00:49:34.405+0000 INFO [o.n.k.i.DiagnosticsManager]  [loader.1] file:/Applications/Neo4j%20Community%20Edition%203.2.3.app/Contents/Resources/jre.bundle/Contents/Home/jre/lib/ext/cldrdata.jar
2017-11-12 00:49:34.405+0000 INFO [o.n.k.i.DiagnosticsManager]  [loader.0] file:/Applications/Neo4j%20Community%20Edition%203.2.3.app/Contents/Resources/app/bin/neo4j-desktop-3.2.3.jar
2017-11-12 00:49:34.405+0000 INFO [o.n.k.i.DiagnosticsManager]  [loader.1] file:/Applications/Neo4j%20Community%20Edition%203.2.3.app/Contents/Resources/jre.bundle/Contents/Home/jre/lib/ext/jaccess.jar
2017-11-12 00:49:34.405+0000 INFO [o.n.k.i.DiagnosticsManager]  [loader.0] file:/Applications/Neo4j%20Community%20Edition%203.2.3.app/Contents/Resources/app/.install4j/i4jruntime.jar
2017-11-12 00:49:34.405+0000 INFO [o.n.k.i.DiagnosticsManager]  [loader.1] file:/Applications/Neo4j%20Community%20Edition%203.2.3.app/Contents/Resources/jre.bundle/Contents/Home/jre/lib/ext/localedata.jar
2017-11-12 00:49:34.405+0000 INFO [o.n.k.i.DiagnosticsManager]  [bootstrap] /Applications/Neo4j Community Edition 3.2.3.app/Contents/Resources/jre.bundle/Contents/Home/jre/lib/jsse.jar
2017-11-12 00:49:34.405+0000 INFO [o.n.k.i.DiagnosticsManager]  [loader.1] file:/Applications/Neo4j%20Community%20Edition%203.2.3.app/Contents/Resources/jre.bundle/Contents/Home/jre/lib/ext/sunjce_provider.jar
2017-11-12 00:49:34.405+0000 INFO [o.n.k.i.DiagnosticsManager]  [loader.1] file:/Applications/Neo4j%20Community%20Edition%203.2.3.app/Contents/Resources/jre.bundle/Contents/Home/jre/lib/ext/sunec.jar
2017-11-12 00:49:34.405+0000 INFO [o.n.k.i.DiagnosticsManager]  [loader.1] file:/Applications/Neo4j%20Community%20Edition%203.2.3.app/Contents/Resources/jre.bundle/Contents/Home/jre/lib/ext/nashorn.jar
2017-11-12 00:49:34.405+0000 INFO [o.n.k.i.DiagnosticsManager]  [loader.1] file:/Applications/Neo4j%20Community%20Edition%203.2.3.app/Contents/Resources/jre.bundle/Contents/Home/jre/lib/ext/jfxrt.jar
2017-11-12 00:49:34.405+0000 INFO [o.n.k.i.DiagnosticsManager]  [loader.1] file:/Applications/Neo4j%20Community%20Edition%203.2.3.app/Contents/Resources/jre.bundle/Contents/Home/jre/lib/ext/zipfs.jar
2017-11-12 00:49:34.405+0000 INFO [o.n.k.i.DiagnosticsManager]  [bootstrap] /Applications/Neo4j Community Edition 3.2.3.app/Contents/Resources/jre.bundle/Contents/Home/jre/lib/charsets.jar
2017-11-12 00:49:34.405+0000 INFO [o.n.k.i.DiagnosticsManager]  [loader.1] file:/Applications/Neo4j%20Community%20Edition%203.2.3.app/Contents/Resources/jre.bundle/Contents/Home/jre/lib/ext/dnsns.jar
2017-11-12 00:49:34.405+0000 INFO [o.n.k.i.DiagnosticsManager]  [loader.1] file:/System/Library/Java/Extensions/MRJToolkit.jar
2017-11-12 00:49:34.405+0000 INFO [o.n.k.i.DiagnosticsManager]  [classpath] /Applications/Neo4j Community Edition 3.2.3.app/Contents/Resources/app/.install4j/i4jruntime.jar
2017-11-12 00:49:34.405+0000 INFO [o.n.k.i.DiagnosticsManager] Library path:
2017-11-12 00:49:34.405+0000 INFO [o.n.k.i.DiagnosticsManager] /Users/thiagocmoreira/Library/Java/Extensions
2017-11-12 00:49:34.405+0000 INFO [o.n.k.i.DiagnosticsManager] /Library/Java/Extensions
2017-11-12 00:49:34.405+0000 INFO [o.n.k.i.DiagnosticsManager] /Network/Library/Java/Extensions
2017-11-12 00:49:34.405+0000 INFO [o.n.k.i.DiagnosticsManager] /System/Library/Java/Extensions
2017-11-12 00:49:34.406+0000 INFO [o.n.k.i.DiagnosticsManager] /usr/lib/java
2017-11-12 00:49:34.406+0000 INFO [o.n.k.i.DiagnosticsManager] /Applications/Neo4j Community Edition 3.2.3.app/Contents/Resources/app/bin
2017-11-12 00:49:34.406+0000 INFO [o.n.k.i.DiagnosticsManager] System.properties:
2017-11-12 00:49:34.406+0000 INFO [o.n.k.i.DiagnosticsManager] exe4j.moduleName = /Applications/Neo4j Community Edition 3.2.3.app
2017-11-12 00:49:34.406+0000 INFO [o.n.k.i.DiagnosticsManager] sun.boot.library.path = /Applications/Neo4j Community Edition 3.2.3.app/Contents/Resources/jre.bundle/Contents/Home/jre/lib
2017-11-12 00:49:34.406+0000 INFO [o.n.k.i.DiagnosticsManager] user.country.format = BR
2017-11-12 00:49:34.406+0000 INFO [o.n.k.i.DiagnosticsManager] i4j.jreBundle = /Applications/Neo4j Community Edition 3.2.3.app/Contents/Resources/jre.bundle
2017-11-12 00:49:34.406+0000 INFO [o.n.k.i.DiagnosticsManager] gopherProxySet = false
2017-11-12 00:49:34.406+0000 INFO [o.n.k.i.DiagnosticsManager] path.separator = :
2017-11-12 00:49:34.406+0000 INFO [o.n.k.i.DiagnosticsManager] file.encoding.pkg = sun.io
2017-11-12 00:49:34.406+0000 INFO [o.n.k.i.DiagnosticsManager] user.country = US
2017-11-12 00:49:34.406+0000 INFO [o.n.k.i.DiagnosticsManager] sun.java.launcher = SUN_STANDARD
2017-11-12 00:49:34.406+0000 INFO [o.n.k.i.DiagnosticsManager] sun.os.patch.level = unknown
2017-11-12 00:49:34.406+0000 INFO [o.n.k.i.DiagnosticsManager] install4j.exeDir = /Applications/
2017-11-12 00:49:34.406+0000 INFO [o.n.k.i.DiagnosticsManager] user.dir = /Applications/Neo4j Community Edition 3.2.3.app/Contents/Resources/app/bin
2017-11-12 00:49:34.406+0000 INFO [o.n.k.i.DiagnosticsManager] i4j.ownBundlePath = /Applications/Neo4j Community Edition 3.2.3.app
2017-11-12 00:49:34.406+0000 INFO [o.n.k.i.DiagnosticsManager] sun.jnu.encoding = UTF-8
2017-11-12 00:49:34.406+0000 INFO [o.n.k.i.DiagnosticsManager] sun.nio.ch.bugLevel = 
2017-11-12 00:49:34.406+0000 INFO [o.n.k.i.DiagnosticsManager] unsupported.dbms.udc.source = desktop
2017-11-12 00:49:34.406+0000 INFO [o.n.k.i.DiagnosticsManager] sun.awt.enableExtraMouseButtons = true
2017-11-12 00:49:34.406+0000 INFO [o.n.k.i.DiagnosticsManager] install4j.launcherId = 24
2017-11-12 00:49:34.406+0000 INFO [o.n.k.i.DiagnosticsManager] sun.management.compiler = HotSpot 64-Bit Tiered Compilers
2017-11-12 00:49:34.406+0000 INFO [o.n.k.i.DiagnosticsManager] install4j.swt = false
2017-11-12 00:49:34.406+0000 INFO [o.n.k.i.DiagnosticsManager] apple.awt.fileDialogForDirectories = false
2017-11-12 00:49:34.406+0000 INFO [o.n.k.i.DiagnosticsManager] http.nonProxyHosts = local|*.local|169.254/16|*.169.254/16
2017-11-12 00:49:34.406+0000 INFO [o.n.k.i.DiagnosticsManager] user.home = /Users/thiagocmoreira
2017-11-12 00:49:34.406+0000 INFO [o.n.k.i.DiagnosticsManager] user.timezone = America/Sao_Paulo
2017-11-12 00:49:34.406+0000 INFO [o.n.k.i.DiagnosticsManager] file.encoding = UTF-8
2017-11-12 00:49:34.406+0000 INFO [o.n.k.i.DiagnosticsManager] user.name = thiagocmoreira
2017-11-12 00:49:34.406+0000 INFO [o.n.k.i.DiagnosticsManager] sun.java.command = com.install4j.runtime.launcher.MacLauncher
2017-11-12 00:49:34.406+0000 INFO [o.n.k.i.DiagnosticsManager] sun.arch.data.model = 64
2017-11-12 00:49:34.406+0000 INFO [o.n.k.i.DiagnosticsManager] user.language = en
2017-11-12 00:49:34.406+0000 INFO [o.n.k.i.DiagnosticsManager] awt.toolkit = sun.lwawt.macosx.LWCToolkit
2017-11-12 00:49:34.406+0000 INFO [o.n.k.i.DiagnosticsManager] install4j.appDir = /Applications/Neo4j Community Edition 3.2.3.app/Contents/Resources/app/
2017-11-12 00:49:34.406+0000 INFO [o.n.k.i.DiagnosticsManager] file.separator = /
2017-11-12 00:49:34.406+0000 INFO [o.n.k.i.DiagnosticsManager] sun.font.fontmanager = sun.font.CFontManager
2017-11-12 00:49:34.406+0000 INFO [o.n.k.i.DiagnosticsManager] sun.io.unicode.encoding = UnicodeBig
2017-11-12 00:49:34.406+0000 INFO [o.n.k.i.DiagnosticsManager] sun.cpu.endian = little
2017-11-12 00:49:34.406+0000 INFO [o.n.k.i.DiagnosticsManager] socksNonProxyHosts = local|*.local|169.254/16|*.169.254/16
2017-11-12 00:49:34.406+0000 INFO [o.n.k.i.DiagnosticsManager] ftp.nonProxyHosts = local|*.local|169.254/16|*.169.254/16
2017-11-12 00:49:34.406+0000 INFO [o.n.k.i.DiagnosticsManager] sun.cpu.isalist = 
2017-11-12 00:49:34.406+0000 INFO [o.n.k.i.DiagnosticsManager] Network information:
2017-11-12 00:49:34.406+0000 INFO [o.n.k.i.DiagnosticsManager] Interface utun0:
2017-11-12 00:49:34.406+0000 INFO [o.n.k.i.DiagnosticsManager]     address: fe80:0:0:0:b4c0:a63c:c2e5:6542%utun0
2017-11-12 00:49:34.407+0000 INFO [o.n.k.i.DiagnosticsManager] Interface awdl0:
2017-11-12 00:49:34.407+0000 INFO [o.n.k.i.DiagnosticsManager]     address: fe80:0:0:0:e854:39ff:fe83:f8c%awdl0
2017-11-12 00:49:34.407+0000 INFO [o.n.k.i.DiagnosticsManager] Interface en1:
2017-11-12 00:49:34.407+0000 INFO [o.n.k.i.DiagnosticsManager]     address: 2804:14c:65d5:5a80:0:0:0:2
2017-11-12 00:49:34.407+0000 INFO [o.n.k.i.DiagnosticsManager]     address: 2804:14c:65d5:5a80:c9b0:4d36:94f4:2a61
2017-11-12 00:49:34.407+0000 INFO [o.n.k.i.DiagnosticsManager]     address: 2804:14c:65d5:5a80:8df:5867:d328:4969
2017-11-12 00:49:34.407+0000 INFO [o.n.k.i.DiagnosticsManager]     address: fe80:0:0:0:463:ba61:42dd:fa76%en1
2017-11-12 00:49:34.407+0000 INFO [o.n.k.i.DiagnosticsManager]     address: 192.168.0.11
2017-11-12 00:49:34.407+0000 INFO [o.n.k.i.DiagnosticsManager] Interface lo0:
2017-11-12 00:49:34.407+0000 INFO [o.n.k.i.DiagnosticsManager]     address: fe80:0:0:0:0:0:0:1%lo0
2017-11-12 00:49:34.407+0000 INFO [o.n.k.i.DiagnosticsManager]     address: 0:0:0:0:0:0:0:1
2017-11-12 00:49:34.407+0000 INFO [o.n.k.i.DiagnosticsManager]     address: 127.0.0.1
2017-11-12 00:49:34.407+0000 INFO [o.n.k.i.DiagnosticsManager] --- INITIALIZED diagnostics END ---
2017-11-12 00:49:35.020+0000 INFO [o.n.b.v.r.WorkerFactory] Bolt Server extension loaded.
2017-11-12 00:49:35.020+0000 INFO [o.n.b.v.r.WorkerFactory] Bolt enabled on 127.0.0.1:7687.
2017-11-12 00:49:35.029+0000 INFO [o.n.k.i.s.f.RecordFormatSelector] Selected format 'RecordFormat:StandardV3_2[v0.A.8]' for the new store
2017-11-12 00:49:35.078+0000 INFO [o.n.k.i.a.i.IndexingService] IndexingService.init: indexes not specifically mentioned above are null
2017-11-12 00:49:35.078+0000 INFO [o.n.k.i.i.l.NativeLabelScanStore] No scan store found, this might just be first use. Preparing to rebuild.
2017-11-12 00:49:35.082+0000 INFO [o.n.k.NeoStoreDataSource] Opened logical log [/Users/thiagocmoreira/Desktop/bom-sabor-neo4j/neostore.transaction.db.0] version=0, lastTxId=1 (clean)
2017-11-12 00:49:35.082+0000 INFO [o.n.k.NeoStoreDataSource] No commits found after last check point (which is at <no log position given>)
2017-11-12 00:49:35.083+0000 WARN [o.n.k.i.s.MetaDataStore] Missing counts store, rebuilding it.
2017-11-12 00:49:35.185+0000 WARN [o.n.k.i.s.MetaDataStore] Counts store rebuild completed.
2017-11-12 00:49:35.186+0000 INFO [o.n.k.i.a.i.IndexingService] IndexingService.start: indexes not specifically mentioned above are null
2017-11-12 00:49:35.186+0000 INFO [o.n.k.i.i.l.NativeLabelScanStore] Rebuilding scan store, this may take a while
2017-11-12 00:49:35.187+0000 INFO [o.n.k.i.i.l.NativeLabelScanStore] Scan store rebuilt (roughly 0 nodes)
2017-11-12 00:49:35.188+0000 INFO [o.n.k.i.DatabaseHealth] Database health set to OK
2017-11-12 00:49:35.193+0000 INFO [o.n.k.AvailabilityGuard] Fulfilling of requirement makes database available: Database available
2017-11-12 00:49:35.194+0000 INFO [o.n.k.i.f.GraphDatabaseFacadeFactory] Database is now ready
2017-11-12 00:49:35.194+0000 INFO [o.n.k.i.DiagnosticsManager] --- STARTED diagnostics for KernelDiagnostics:Versions START ---
2017-11-12 00:49:35.194+0000 INFO [o.n.k.i.DiagnosticsManager] Graph Database: community single StoreId{creationTime=1510447775073, randomId=-8838247846361562982, storeVersion=15813456178476550, upgradeTime=1510447775073, upgradeId=1}
2017-11-12 00:49:35.194+0000 INFO [o.n.k.i.DiagnosticsManager] Kernel version: 3.2.3
2017-11-12 00:49:35.194+0000 INFO [o.n.k.i.DiagnosticsManager] --- STARTED diagnostics for KernelDiagnostics:Versions END ---
2017-11-12 00:49:35.194+0000 INFO [o.n.k.i.DiagnosticsManager] --- STARTED diagnostics for NEO_STORE_VERSIONS START ---
2017-11-12 00:49:35.194+0000 INFO [o.n.k.i.DiagnosticsManager] Store versions:
2017-11-12 00:49:35.194+0000 INFO [o.n.k.i.DiagnosticsManager] Store versions:
2017-11-12 00:49:35.194+0000 INFO [o.n.k.i.DiagnosticsManager]   ArrayPropertyStore v0.A.8
2017-11-12 00:49:35.194+0000 INFO [o.n.k.i.DiagnosticsManager]   NodeStore v0.A.8
2017-11-12 00:49:35.194+0000 INFO [o.n.k.i.DiagnosticsManager]   StringPropertyStore v0.A.8
2017-11-12 00:49:35.195+0000 INFO [o.n.k.i.DiagnosticsManager]   PropertyIndexStore v0.A.8
2017-11-12 00:49:35.195+0000 INFO [o.n.k.i.DiagnosticsManager]   StringPropertyStore v0.A.8
2017-11-12 00:49:35.195+0000 INFO [o.n.k.i.DiagnosticsManager]   ArrayPropertyStore v0.A.8
2017-11-12 00:49:35.195+0000 INFO [o.n.k.i.DiagnosticsManager]   PropertyStore v0.A.8
2017-11-12 00:49:35.195+0000 INFO [o.n.k.i.DiagnosticsManager]   RelationshipStore v0.A.8
2017-11-12 00:49:35.195+0000 INFO [o.n.k.i.DiagnosticsManager]   StringPropertyStore v0.A.8
2017-11-12 00:49:35.195+0000 INFO [o.n.k.i.DiagnosticsManager]   RelationshipTypeStore v0.A.8
2017-11-12 00:49:35.195+0000 INFO [o.n.k.i.DiagnosticsManager]   StringPropertyStore v0.A.8
2017-11-12 00:49:35.195+0000 INFO [o.n.k.i.DiagnosticsManager]   LabelTokenStore v0.A.8
2017-11-12 00:49:35.195+0000 INFO [o.n.k.i.DiagnosticsManager]   SchemaStore v0.A.8
2017-11-12 00:49:35.195+0000 INFO [o.n.k.i.DiagnosticsManager]   RelationshipGroupStore v0.A.8
2017-11-12 00:49:35.196+0000 INFO [o.n.k.i.DiagnosticsManager]   NeoStore v0.A.8
2017-11-12 00:49:35.196+0000 INFO [o.n.k.i.DiagnosticsManager] --- STARTED diagnostics for NEO_STORE_VERSIONS END ---
2017-11-12 00:49:35.196+0000 INFO [o.n.k.i.DiagnosticsManager] --- STARTED diagnostics for NEO_STORE_ID_USAGE START ---
2017-11-12 00:49:35.196+0000 INFO [o.n.k.i.DiagnosticsManager] Id usage:
2017-11-12 00:49:35.196+0000 INFO [o.n.k.i.DiagnosticsManager] Id usage:
2017-11-12 00:49:35.197+0000 INFO [o.n.k.i.DiagnosticsManager]   ArrayPropertyStore: used=1 high=0
2017-11-12 00:49:35.197+0000 INFO [o.n.k.i.DiagnosticsManager]   NodeStore: used=0 high=-1
2017-11-12 00:49:35.197+0000 INFO [o.n.k.i.DiagnosticsManager]   StringPropertyStore: used=1 high=0
2017-11-12 00:49:35.198+0000 INFO [o.n.k.i.DiagnosticsManager]   PropertyIndexStore: used=0 high=-1
2017-11-12 00:49:35.198+0000 INFO [o.n.k.i.DiagnosticsManager]   StringPropertyStore: used=1 high=0
2017-11-12 00:49:35.198+0000 INFO [o.n.k.i.DiagnosticsManager]   ArrayPropertyStore: used=1 high=0
2017-11-12 00:49:35.198+0000 INFO [o.n.k.i.DiagnosticsManager]   PropertyStore: used=0 high=-1
2017-11-12 00:49:35.198+0000 INFO [o.n.k.i.DiagnosticsManager]   RelationshipStore: used=0 high=-1
2017-11-12 00:49:35.198+0000 INFO [o.n.k.i.DiagnosticsManager]   StringPropertyStore: used=1 high=0
2017-11-12 00:49:35.198+0000 INFO [o.n.k.i.DiagnosticsManager]   RelationshipTypeStore: used=0 high=-1
2017-11-12 00:49:35.198+0000 INFO [o.n.k.i.DiagnosticsManager]   StringPropertyStore: used=1 high=0
2017-11-12 00:49:35.199+0000 INFO [o.n.k.i.DiagnosticsManager]   LabelTokenStore: used=0 high=-1
2017-11-12 00:49:35.199+0000 INFO [o.n.k.i.DiagnosticsManager]   SchemaStore: used=1 high=0
2017-11-12 00:49:35.199+0000 INFO [o.n.k.i.DiagnosticsManager]   RelationshipGroupStore: used=1 high=0
2017-11-12 00:49:35.199+0000 INFO [o.n.k.i.DiagnosticsManager]   NeoStore: used=15 high=14
2017-11-12 00:49:35.199+0000 INFO [o.n.k.i.DiagnosticsManager] --- STARTED diagnostics for NEO_STORE_ID_USAGE END ---
2017-11-12 00:49:35.199+0000 INFO [o.n.k.i.DiagnosticsManager] --- STARTED diagnostics for NEO_STORE_RECORDS START ---
2017-11-12 00:49:35.199+0000 INFO [o.n.k.i.DiagnosticsManager] Neostore records:
2017-11-12 00:49:35.199+0000 INFO [o.n.k.i.DiagnosticsManager] TIME (Creation time): 1510447775073
2017-11-12 00:49:35.199+0000 INFO [o.n.k.i.DiagnosticsManager] RANDOM_NUMBER (Random number for store id): -8838247846361562982
2017-11-12 00:49:35.200+0000 INFO [o.n.k.i.DiagnosticsManager] LOG_VERSION (Current log version): 0
2017-11-12 00:49:35.200+0000 INFO [o.n.k.i.DiagnosticsManager] LAST_TRANSACTION_ID (Last committed transaction): 1
2017-11-12 00:49:35.200+0000 INFO [o.n.k.i.DiagnosticsManager] STORE_VERSION (Store format version): 15813456178476550
2017-11-12 00:49:35.200+0000 INFO [o.n.k.i.DiagnosticsManager] FIRST_GRAPH_PROPERTY (First property record containing graph properties): -1
2017-11-12 00:49:35.200+0000 INFO [o.n.k.i.DiagnosticsManager] LAST_CONSTRAINT_TRANSACTION (Last committed transaction containing constraint changes): 0
2017-11-12 00:49:35.200+0000 INFO [o.n.k.i.DiagnosticsManager] UPGRADE_TRANSACTION_ID (Transaction id most recent upgrade was performed at): 1
2017-11-12 00:49:35.200+0000 INFO [o.n.k.i.DiagnosticsManager] UPGRADE_TIME (Time of last upgrade): 1510447775073
2017-11-12 00:49:35.200+0000 INFO [o.n.k.i.DiagnosticsManager] LAST_TRANSACTION_CHECKSUM (Checksum of last committed transaction): 0
2017-11-12 00:49:35.200+0000 INFO [o.n.k.i.DiagnosticsManager] UPGRADE_TRANSACTION_CHECKSUM (Checksum of transaction id the most recent upgrade was performed at): 0
2017-11-12 00:49:35.200+0000 INFO [o.n.k.i.DiagnosticsManager] LAST_CLOSED_TRANSACTION_LOG_VERSION (Log version where the last transaction commit entry has been written into): 0
2017-11-12 00:49:35.201+0000 INFO [o.n.k.i.DiagnosticsManager] LAST_CLOSED_TRANSACTION_LOG_BYTE_OFFSET (Byte offset in the log file where the last transaction commit entry has been written into): 16
2017-11-12 00:49:35.201+0000 INFO [o.n.k.i.DiagnosticsManager] LAST_TRANSACTION_COMMIT_TIMESTAMP (Commit time timestamp for last committed transaction): 0
2017-11-12 00:49:35.201+0000 INFO [o.n.k.i.DiagnosticsManager] UPGRADE_TRANSACTION_COMMIT_TIMESTAMP (Commit timestamp of transaction the most recent upgrade was performed at): 0
2017-11-12 00:49:35.201+0000 INFO [o.n.k.i.DiagnosticsManager] --- STARTED diagnostics for NEO_STORE_RECORDS END ---
2017-11-12 00:49:35.201+0000 INFO [o.n.k.i.DiagnosticsManager] --- STARTED diagnostics for TRANSACTION_RANGE START ---
2017-11-12 00:49:35.201+0000 INFO [o.n.k.i.DiagnosticsManager] Transaction log:
2017-11-12 00:49:35.202+0000 INFO [o.n.k.i.DiagnosticsManager] No transactions found in any log
2017-11-12 00:49:35.202+0000 INFO [o.n.k.i.DiagnosticsManager] --- STARTED diagnostics for TRANSACTION_RANGE END ---
2017-11-12 00:49:35.202+0000 INFO [o.n.k.i.DiagnosticsManager] --- STARTED diagnostics for KernelDiagnostics:StoreFiles START ---
2017-11-12 00:49:35.202+0000 INFO [o.n.k.i.DiagnosticsManager] Disk space on partition (Total / Free / Free %): 239847653376 / 89609138176 / 37
Storage files: (filename : modification date - size)
2017-11-12 00:49:35.203+0000 INFO [o.n.k.i.DiagnosticsManager]   .git:
2017-11-12 00:49:35.203+0000 INFO [o.n.k.i.DiagnosticsManager]     HEAD: 2017-11-11T22:47:27-0200 - 23.00 B
2017-11-12 00:49:35.203+0000 INFO [o.n.k.i.DiagnosticsManager]     branches:
2017-11-12 00:49:35.203+0000 INFO [o.n.k.i.DiagnosticsManager]     - Total: 2017-11-11T22:47:27-0200 - 0.00 B
2017-11-12 00:49:35.204+0000 INFO [o.n.k.i.DiagnosticsManager]     config: 2017-11-11T22:47:28-0200 - 319.00 B
2017-11-12 00:49:35.204+0000 INFO [o.n.k.i.DiagnosticsManager]     description: 2017-11-11T22:47:27-0200 - 73.00 B
2017-11-12 00:49:35.204+0000 INFO [o.n.k.i.DiagnosticsManager]     hooks:
2017-11-12 00:49:35.205+0000 INFO [o.n.k.i.DiagnosticsManager]       applypatch-msg.sample: 2017-11-11T22:47:27-0200 - 478.00 B
2017-11-12 00:49:35.205+0000 INFO [o.n.k.i.DiagnosticsManager]       commit-msg.sample: 2017-11-11T22:47:27-0200 - 896.00 B
2017-11-12 00:49:35.205+0000 INFO [o.n.k.i.DiagnosticsManager]       post-update.sample: 2017-11-11T22:47:27-0200 - 189.00 B
2017-11-12 00:49:35.205+0000 INFO [o.n.k.i.DiagnosticsManager]       pre-applypatch.sample: 2017-11-11T22:47:27-0200 - 424.00 B
2017-11-12 00:49:35.205+0000 INFO [o.n.k.i.DiagnosticsManager]       pre-commit.sample: 2017-11-11T22:47:27-0200 - 1.60 kB
2017-11-12 00:49:35.206+0000 INFO [o.n.k.i.DiagnosticsManager]       pre-push.sample: 2017-11-11T22:47:27-0200 - 1.32 kB
2017-11-12 00:49:35.206+0000 INFO [o.n.k.i.DiagnosticsManager]       pre-rebase.sample: 2017-11-11T22:47:27-0200 - 4.83 kB
2017-11-12 00:49:35.206+0000 INFO [o.n.k.i.DiagnosticsManager]       pre-receive.sample: 2017-11-11T22:47:27-0200 - 544.00 B
2017-11-12 00:49:35.206+0000 INFO [o.n.k.i.DiagnosticsManager]       prepare-commit-msg.sample: 2017-11-11T22:47:27-0200 - 1.21 kB
2017-11-12 00:49:35.207+0000 INFO [o.n.k.i.DiagnosticsManager]       update.sample: 2017-11-11T22:47:27-0200 - 3.53 kB
2017-11-12 00:49:35.207+0000 INFO [o.n.k.i.DiagnosticsManager]     - Total: 2017-11-11T22:47:27-0200 - 14.96 kB
2017-11-12 00:49:35.207+0000 INFO [o.n.k.i.DiagnosticsManager]     info:
2017-11-12 00:49:35.207+0000 INFO [o.n.k.i.DiagnosticsManager]       exclude: 2017-11-11T22:47:27-0200 - 250.00 B
2017-11-12 00:49:35.207+0000 INFO [o.n.k.i.DiagnosticsManager]     - Total: 2017-11-11T22:47:27-0200 - 250.00 B
2017-11-12 00:49:35.208+0000 INFO [o.n.k.i.DiagnosticsManager]     objects:
2017-11-12 00:49:35.208+0000 INFO [o.n.k.i.DiagnosticsManager]       info:
2017-11-12 00:49:35.208+0000 INFO [o.n.k.i.DiagnosticsManager]       - Total: 2017-11-11T22:47:27-0200 - 0.00 B
2017-11-12 00:49:35.208+0000 INFO [o.n.k.i.DiagnosticsManager]       pack:
2017-11-12 00:49:35.208+0000 INFO [o.n.k.i.DiagnosticsManager]       - Total: 2017-11-11T22:47:27-0200 - 0.00 B
2017-11-12 00:49:35.209+0000 INFO [o.n.k.i.DiagnosticsManager]     - Total: 2017-11-11T22:47:27-0200 - 0.00 B
2017-11-12 00:49:35.209+0000 INFO [o.n.k.i.DiagnosticsManager]     refs:
2017-11-12 00:49:35.209+0000 INFO [o.n.k.i.DiagnosticsManager]       heads:
2017-11-12 00:49:35.209+0000 INFO [o.n.k.i.DiagnosticsManager]       - Total: 2017-11-11T22:47:27-0200 - 0.00 B
2017-11-12 00:49:35.209+0000 INFO [o.n.k.i.DiagnosticsManager]       tags:
2017-11-12 00:49:35.210+0000 INFO [o.n.k.i.DiagnosticsManager]       - Total: 2017-11-11T22:47:27-0200 - 0.00 B
2017-11-12 00:49:35.210+0000 INFO [o.n.k.i.DiagnosticsManager]     - Total: 2017-11-11T22:47:27-0200 - 0.00 B
2017-11-12 00:49:35.210+0000 INFO [o.n.k.i.DiagnosticsManager]   - Total: 2017-11-11T22:47:32-0200 - 15.61 kB
2017-11-12 00:49:35.210+0000 INFO [o.n.k.i.DiagnosticsManager]   certificates:
2017-11-12 00:49:35.211+0000 INFO [o.n.k.i.DiagnosticsManager]     neo4j.cert: 2017-11-11T22:49:35-0200 - 985.00 B
2017-11-12 00:49:35.211+0000 INFO [o.n.k.i.DiagnosticsManager]     neo4j.key: 2017-11-11T22:49:35-0200 - 1.66 kB
2017-11-12 00:49:35.211+0000 INFO [o.n.k.i.DiagnosticsManager]   - Total: 2017-11-11T22:49:35-0200 - 2.63 kB
2017-11-12 00:49:35.211+0000 INFO [o.n.k.i.DiagnosticsManager]   data:
2017-11-12 00:49:35.211+0000 INFO [o.n.k.i.DiagnosticsManager]     dbms:
2017-11-12 00:49:35.212+0000 INFO [o.n.k.i.DiagnosticsManager]       auth: 2017-11-11T22:49:35-0200 - 137.00 B
2017-11-12 00:49:35.212+0000 INFO [o.n.k.i.DiagnosticsManager]     - Total: 2017-11-11T22:49:35-0200 - 137.00 B
2017-11-12 00:49:35.212+0000 INFO [o.n.k.i.DiagnosticsManager]   - Total: 2017-11-11T22:49:35-0200 - 137.00 B
2017-11-12 00:49:35.212+0000 INFO [o.n.k.i.DiagnosticsManager]   index:
2017-11-12 00:49:35.212+0000 INFO [o.n.k.i.DiagnosticsManager]   - Total: 2017-11-11T22:49:35-0200 - 0.00 B
2017-11-12 00:49:35.212+0000 INFO [o.n.k.i.DiagnosticsManager]   logs:
2017-11-12 00:49:35.213+0000 INFO [o.n.k.i.DiagnosticsManager]     debug.log: 2017-11-11T22:49:35-0200 - 30.49 kB
2017-11-12 00:49:35.213+0000 INFO [o.n.k.i.DiagnosticsManager]   - Total: 2017-11-11T22:49:29-0200 - 30.49 kB
2017-11-12 00:49:35.213+0000 INFO [o.n.k.i.DiagnosticsManager]   neostore: 2017-11-11T22:49:35-0200 - 8.00 kB
2017-11-12 00:49:35.213+0000 INFO [o.n.k.i.DiagnosticsManager]   neostore.counts.db.a: 2017-11-11T22:49:35-0200 - 96.00 B
2017-11-12 00:49:35.213+0000 INFO [o.n.k.i.DiagnosticsManager]   neostore.id: 2017-11-11T22:49:35-0200 - 9.00 B
2017-11-12 00:49:35.214+0000 INFO [o.n.k.i.DiagnosticsManager]   neostore.labelscanstore.db: 2017-11-11T22:49:35-0200 - 40.00 kB
2017-11-12 00:49:35.214+0000 INFO [o.n.k.i.DiagnosticsManager]   neostore.labeltokenstore.db: 2017-11-11T22:49:35-0200 - 0.00 B
2017-11-12 00:49:35.214+0000 INFO [o.n.k.i.DiagnosticsManager]   neostore.labeltokenstore.db.id: 2017-11-11T22:49:35-0200 - 9.00 B
2017-11-12 00:49:35.214+0000 INFO [o.n.k.i.DiagnosticsManager]   neostore.labeltokenstore.db.names: 2017-11-11T22:49:35-0200 - 8.00 kB
2017-11-12 00:49:35.214+0000 INFO [o.n.k.i.DiagnosticsManager]   neostore.labeltokenstore.db.names.id: 2017-11-11T22:49:35-0200 - 9.00 B
2017-11-12 00:49:35.214+0000 INFO [o.n.k.i.DiagnosticsManager]   neostore.nodestore.db: 2017-11-11T22:49:35-0200 - 0.00 B
2017-11-12 00:49:35.215+0000 INFO [o.n.k.i.DiagnosticsManager]   neostore.nodestore.db.id: 2017-11-11T22:49:35-0200 - 9.00 B
2017-11-12 00:49:35.215+0000 INFO [o.n.k.i.DiagnosticsManager]   neostore.nodestore.db.labels: 2017-11-11T22:49:35-0200 - 8.00 kB
2017-11-12 00:49:35.215+0000 INFO [o.n.k.i.DiagnosticsManager]   neostore.nodestore.db.labels.id: 2017-11-11T22:49:35-0200 - 9.00 B
2017-11-12 00:49:35.215+0000 INFO [o.n.k.i.DiagnosticsManager]   neostore.propertystore.db: 2017-11-11T22:49:35-0200 - 0.00 B
2017-11-12 00:49:35.215+0000 INFO [o.n.k.i.DiagnosticsManager]   neostore.propertystore.db.arrays: 2017-11-11T22:49:35-0200 - 8.00 kB
2017-11-12 00:49:35.215+0000 INFO [o.n.k.i.DiagnosticsManager]   neostore.propertystore.db.arrays.id: 2017-11-11T22:49:35-0200 - 9.00 B
2017-11-12 00:49:35.215+0000 INFO [o.n.k.i.DiagnosticsManager]   neostore.propertystore.db.id: 2017-11-11T22:49:35-0200 - 9.00 B
2017-11-12 00:49:35.215+0000 INFO [o.n.k.i.DiagnosticsManager]   neostore.propertystore.db.index: 2017-11-11T22:49:35-0200 - 0.00 B
2017-11-12 00:49:35.216+0000 INFO [o.n.k.i.DiagnosticsManager]   neostore.propertystore.db.index.id: 2017-11-11T22:49:35-0200 - 9.00 B
2017-11-12 00:49:35.216+0000 INFO [o.n.k.i.DiagnosticsManager]   neostore.propertystore.db.index.keys: 2017-11-11T22:49:35-0200 - 8.00 kB
2017-11-12 00:49:35.216+0000 INFO [o.n.k.i.DiagnosticsManager]   neostore.propertystore.db.index.keys.id: 2017-11-11T22:49:35-0200 - 9.00 B
2017-11-12 00:49:35.216+0000 INFO [o.n.k.i.DiagnosticsManager]   neostore.propertystore.db.strings: 2017-11-11T22:49:35-0200 - 8.00 kB
2017-11-12 00:49:35.216+0000 INFO [o.n.k.i.DiagnosticsManager]   neostore.propertystore.db.strings.id: 2017-11-11T22:49:35-0200 - 9.00 B
2017-11-12 00:49:35.217+0000 INFO [o.n.k.i.DiagnosticsManager]   neostore.relationshipgroupstore.db: 2017-11-11T22:49:35-0200 - 8.00 kB
2017-11-12 00:49:35.217+0000 INFO [o.n.k.i.DiagnosticsManager]   neostore.relationshipgroupstore.db.id: 2017-11-11T22:49:35-0200 - 9.00 B
2017-11-12 00:49:35.217+0000 INFO [o.n.k.i.DiagnosticsManager]   neostore.relationshipstore.db: 2017-11-11T22:49:35-0200 - 0.00 B
2017-11-12 00:49:35.217+0000 INFO [o.n.k.i.DiagnosticsManager]   neostore.relationshipstore.db.id: 2017-11-11T22:49:35-0200 - 9.00 B
2017-11-12 00:49:35.217+0000 INFO [o.n.k.i.DiagnosticsManager]   neostore.relationshiptypestore.db: 2017-11-11T22:49:35-0200 - 0.00 B
2017-11-12 00:49:35.217+0000 INFO [o.n.k.i.DiagnosticsManager]   neostore.relationshiptypestore.db.id: 2017-11-11T22:49:35-0200 - 9.00 B
2017-11-12 00:49:35.217+0000 INFO [o.n.k.i.DiagnosticsManager]   neostore.relationshiptypestore.db.names: 2017-11-11T22:49:35-0200 - 8.00 kB
2017-11-12 00:49:35.217+0000 INFO [o.n.k.i.DiagnosticsManager]   neostore.relationshiptypestore.db.names.id: 2017-11-11T22:49:35-0200 - 9.00 B
2017-11-12 00:49:35.218+0000 INFO [o.n.k.i.DiagnosticsManager]   neostore.schemastore.db: 2017-11-11T22:49:35-0200 - 8.00 kB
2017-11-12 00:49:35.218+0000 INFO [o.n.k.i.DiagnosticsManager]   neostore.schemastore.db.id: 2017-11-11T22:49:35-0200 - 9.00 B
2017-11-12 00:49:35.218+0000 INFO [o.n.k.i.DiagnosticsManager]   neostore.transaction.db.0: 2017-11-11T22:49:35-0200 - 16.00 B
2017-11-12 00:49:35.218+0000 INFO [o.n.k.i.DiagnosticsManager]   store_lock: 2017-11-11T22:49:35-0200 - 0.00 B
2017-11-12 00:49:35.218+0000 INFO [o.n.k.i.DiagnosticsManager] --- STARTED diagnostics for KernelDiagnostics:StoreFiles END ---
2017-11-12 00:49:35.258+0000 INFO [o.n.k.i.DiagnosticsManager] --- SERVER STARTED START ---
2017-11-12 00:49:35.749+0000 INFO [o.n.k.i.DiagnosticsManager] --- SERVER STARTED END ---
2017-11-12 00:50:23.292+0000 WARN [o.n.k.i.c.MonitorGc] GC Monitor: Application threads blocked for 5639ms.
2017-11-12 00:50:25.698+0000 WARN [o.n.k.i.c.MonitorGc] GC Monitor: Application threads blocked for 2149ms.
2017-11-12 00:50:32.279+0000 WARN [o.n.k.i.c.MonitorGc] GC Monitor: Application threads blocked for 6378ms.
2017-11-12 00:50:33.458+0000 WARN [o.n.k.i.c.MonitorGc] GC Monitor: Application threads blocked for 1079ms.
2017-11-12 00:50:34.366+0000 WARN [o.n.k.i.c.MonitorGc] GC Monitor: Application threads blocked for 807ms.
2017-11-12 00:50:35.237+0000 WARN [o.n.k.i.c.MonitorGc] GC Monitor: Application threads blocked for 770ms.
2017-11-12 00:51:48.234+0000 WARN [o.n.k.i.c.MonitorGc] GC Monitor: Application threads blocked for 653ms.
2017-11-12 00:51:50.238+0000 WARN [o.n.k.i.c.MonitorGc] GC Monitor: Application threads blocked for 448ms.
2017-11-12 00:51:57.699+0000 WARN [o.n.k.i.c.MonitorGc] GC Monitor: Application threads blocked for 7359ms.
2017-11-12 00:51:58.805+0000 WARN [o.n.k.i.c.MonitorGc] GC Monitor: Application threads blocked for 481ms.
2017-11-12 00:52:00.224+0000 WARN [o.n.k.i.c.MonitorGc] GC Monitor: Application threads blocked for 694ms.
2017-11-12 00:52:03.299+0000 WARN [o.n.k.i.c.MonitorGc] GC Monitor: Application threads blocked for 2688ms.
2017-11-12 00:52:04.574+0000 WARN [o.n.k.i.c.MonitorGc] GC Monitor: Application threads blocked for 1173ms.
2017-11-12 00:52:07.639+0000 WARN [o.n.k.i.c.MonitorGc] GC Monitor: Application threads blocked for 1958ms.
2017-11-12 00:52:09.448+0000 WARN [o.n.k.i.c.MonitorGc] GC Monitor: Application threads blocked for 1445ms.
2017-11-12 00:52:12.351+0000 WARN [o.n.k.i.c.MonitorGc] GC Monitor: Application threads blocked for 2702ms.
2017-11-12 00:52:12.690+0000 WARN [o.n.k.i.c.MonitorGc] GC Monitor: Application threads blocked for 239ms.
2017-11-12 00:52:18.008+0000 WARN [o.n.k.i.c.MonitorGc] GC Monitor: Application threads blocked for 5213ms.
2017-11-12 00:52:19.416+0000 WARN [o.n.k.i.c.MonitorGc] GC Monitor: Application threads blocked for 1286ms.
2017-11-12 00:52:20.658+0000 WARN [o.n.k.i.c.MonitorGc] GC Monitor: Application threads blocked for 1141ms.
2017-11-12 00:52:22.297+0000 WARN [o.n.k.i.c.MonitorGc] GC Monitor: Application threads blocked for 1539ms.
2017-11-12 00:52:22.658+0000 WARN [o.n.k.i.c.MonitorGc] GC Monitor: Application threads blocked for 260ms.
2017-11-12 00:52:24.690+0000 WARN [o.n.k.i.c.MonitorGc] GC Monitor: Application threads blocked for 1929ms.
2017-11-12 00:52:28.117+0000 WARN [o.n.k.i.c.MonitorGc] GC Monitor: Application threads blocked for 3144ms.
2017-11-12 00:52:35.636+0000 WARN [o.n.k.i.c.MonitorGc] GC Monitor: Application threads blocked for 7164ms.
2017-11-12 00:52:36.308+0000 WARN [o.n.k.i.c.MonitorGc] GC Monitor: Application threads blocked for 572ms.
2017-11-12 00:52:37.780+0000 WARN [o.n.k.i.c.MonitorGc] GC Monitor: Application threads blocked for 1371ms.
2017-11-12 00:52:38.100+0000 WARN [o.n.k.i.c.MonitorGc] GC Monitor: Application threads blocked for 217ms.
2017-11-12 00:52:38.579+0000 WARN [o.n.k.i.c.MonitorGc] GC Monitor: Application threads blocked for 378ms.
2017-11-12 00:52:40.751+0000 WARN [o.n.k.i.c.MonitorGc] GC Monitor: Application threads blocked for 717ms.
2017-11-12 00:52:41.946+0000 WARN [o.n.k.i.c.MonitorGc] GC Monitor: Application threads blocked for 881ms.
2017-11-12 00:52:46.880+0000 WARN [o.n.k.i.c.MonitorGc] GC Monitor: Application threads blocked for 4729ms.
2017-11-12 00:52:50.832+0000 WARN [o.n.k.i.c.MonitorGc] GC Monitor: Application threads blocked for 3750ms.
2017-11-12 00:52:51.231+0000 WARN [o.n.k.i.c.MonitorGc] GC Monitor: Application threads blocked for 299ms.
2017-11-12 00:52:53.873+0000 WARN [o.n.k.i.c.MonitorGc] GC Monitor: Application threads blocked for 1914ms.
2017-11-12 00:52:59.613+0000 WARN [o.n.k.i.c.MonitorGc] GC Monitor: Application threads blocked for 5434ms.
2017-11-12 00:53:00.493+0000 WARN [o.n.k.i.c.MonitorGc] GC Monitor: Application threads blocked for 779ms.
2017-11-12 00:53:01.519+0000 WARN [o.n.k.i.c.MonitorGc] GC Monitor: Application threads blocked for 925ms.
2017-11-12 00:53:03.657+0000 WARN [o.n.k.i.c.MonitorGc] GC Monitor: Application threads blocked for 771ms.
2017-11-12 00:53:04.853+0000 WARN [o.n.k.i.c.MonitorGc] GC Monitor: Application threads blocked for 776ms.
2017-11-12 00:53:13.119+0000 WARN [o.n.k.i.c.MonitorGc] GC Monitor: Application threads blocked for 7531ms.
2017-11-12 00:53:22.948+0000 WARN [o.n.k.i.c.MonitorGc] GC Monitor: Application threads blocked for 9729ms.
2017-11-12 00:53:23.819+0000 WARN [o.n.k.i.c.MonitorGc] GC Monitor: Application threads blocked for 769ms.
2017-11-12 00:53:25.732+0000 WARN [o.n.k.i.c.MonitorGc] GC Monitor: Application threads blocked for 1812ms.
2017-11-12 00:53:26.216+0000 WARN [o.n.k.i.c.MonitorGc] GC Monitor: Application threads blocked for 280ms.
2017-11-12 00:53:29.093+0000 WARN [o.n.k.i.c.MonitorGc] GC Monitor: Application threads blocked for 2753ms.
2017-11-12 00:53:29.903+0000 WARN [o.n.k.i.c.MonitorGc] GC Monitor: Application threads blocked for 709ms.
2017-11-12 00:53:30.213+0000 WARN [o.n.k.i.c.MonitorGc] GC Monitor: Application threads blocked for 209ms.
2017-11-12 00:53:31.306+0000 WARN [o.n.k.i.c.MonitorGc] GC Monitor: Application threads blocked for 800ms.
2017-11-12 00:53:32.116+0000 WARN [o.n.k.i.c.MonitorGc] GC Monitor: Application threads blocked for 709ms.
2017-11-12 00:53:33.536+0000 WARN [o.n.k.i.c.MonitorGc] GC Monitor: Application threads blocked for 1320ms.
2017-11-12 00:53:35.869+0000 WARN [o.n.k.i.c.MonitorGc] GC Monitor: Application threads blocked for 2231ms.
2017-11-12 00:53:36.986+0000 WARN [o.n.k.i.c.MonitorGc] GC Monitor: Application threads blocked for 1016ms.
2017-11-12 00:53:37.660+0000 WARN [o.n.k.i.c.MonitorGc] GC Monitor: Application threads blocked for 552ms.
2017-11-12 00:53:39.458+0000 WARN [o.n.k.i.c.MonitorGc] GC Monitor: Application threads blocked for 1301ms.
2017-11-12 00:53:42.027+0000 WARN [o.n.k.i.c.MonitorGc] GC Monitor: Application threads blocked for 2466ms.
2017-11-12 00:53:43.317+0000 WARN [o.n.k.i.c.MonitorGc] GC Monitor: Application threads blocked for 672ms.
2017-11-12 00:53:46.356+0000 WARN [o.n.k.i.c.MonitorGc] GC Monitor: Application threads blocked for 2838ms.
2017-11-12 00:53:47.302+0000 WARN [o.n.k.i.c.MonitorGc] GC Monitor: Application threads blocked for 491ms.
2017-11-12 00:53:48.920+0000 WARN [o.n.k.i.c.MonitorGc] GC Monitor: Application threads blocked for 1518ms.
2017-11-12 00:53:49.928+0000 WARN [o.n.k.i.c.MonitorGc] GC Monitor: Application threads blocked for 907ms.
2017-11-12 00:53:52.466+0000 WARN [o.n.k.i.c.MonitorGc] GC Monitor: Application threads blocked for 2337ms.
2017-11-12 00:53:53.747+0000 WARN [o.n.k.i.c.MonitorGc] GC Monitor: Application threads blocked for 783ms.
2017-11-12 00:53:54.865+0000 WARN [o.n.k.i.c.MonitorGc] GC Monitor: Application threads blocked for 766ms.
2017-11-12 00:53:55.746+0000 WARN [o.n.k.i.c.MonitorGc] GC Monitor: Application threads blocked for 780ms.
2017-11-12 00:54:02.599+0000 WARN [o.n.k.i.c.MonitorGc] GC Monitor: Application threads blocked for 6753ms.
2017-11-12 00:54:03.294+0000 WARN [o.n.k.i.c.MonitorGc] GC Monitor: Application threads blocked for 593ms.
2017-11-12 00:54:04.731+0000 WARN [o.n.k.i.c.MonitorGc] GC Monitor: Application threads blocked for 1337ms.
2017-11-12 00:54:07.118+0000 WARN [o.n.k.i.c.MonitorGc] GC Monitor: Application threads blocked for 2287ms.
2017-11-12 00:54:10.177+0000 WARN [o.n.k.i.c.MonitorGc] GC Monitor: Application threads blocked for 2338ms.
2017-11-12 00:54:14.832+0000 WARN [o.n.k.i.c.MonitorGc] GC Monitor: Application threads blocked for 4548ms.
2017-11-12 00:54:17.072+0000 WARN [o.n.k.i.c.MonitorGc] GC Monitor: Application threads blocked for 2140ms.
2017-11-12 00:54:17.711+0000 WARN [o.n.k.i.c.MonitorGc] GC Monitor: Application threads blocked for 536ms.
2017-11-12 00:54:19.501+0000 WARN [o.n.k.i.c.MonitorGc] GC Monitor: Application threads blocked for 1689ms.
2017-11-12 00:54:20.001+0000 WARN [o.n.k.i.c.MonitorGc] GC Monitor: Application threads blocked for 399ms.
2017-11-12 00:54:24.467+0000 WARN [o.n.k.i.c.MonitorGc] GC Monitor: Application threads blocked for 4147ms.
2017-11-12 00:54:28.591+0000 WARN [o.n.k.i.c.MonitorGc] GC Monitor: Application threads blocked for 4023ms.
2017-11-12 00:54:29.104+0000 WARN [o.n.k.i.c.MonitorGc] GC Monitor: Application threads blocked for 412ms.
2017-11-12 00:54:32.999+0000 WARN [o.n.k.i.c.MonitorGc] GC Monitor: Application threads blocked for 3412ms.
2017-11-12 00:54:34.137+0000 WARN [o.n.k.i.c.MonitorGc] GC Monitor: Application threads blocked for 1037ms.
2017-11-12 00:54:34.605+0000 WARN [o.n.k.i.c.MonitorGc] GC Monitor: Application threads blocked for 366ms.
2017-11-12 00:54:37.043+0000 WARN [o.n.k.i.c.MonitorGc] GC Monitor: Application threads blocked for 2120ms.
2017-11-12 00:54:40.615+0000 WARN [o.n.k.i.c.MonitorGc] GC Monitor: Application threads blocked for 1235ms.
2017-11-12 00:54:42.554+0000 WARN [o.n.k.i.c.MonitorGc] GC Monitor: Application threads blocked for 897ms.
2017-11-12 00:54:45.166+0000 WARN [o.n.k.i.c.MonitorGc] GC Monitor: Application threads blocked for 2511ms.
2017-11-12 00:54:46.246+0000 WARN [o.n.k.i.c.MonitorGc] GC Monitor: Application threads blocked for 979ms.
2017-11-12 00:54:49.280+0000 WARN [o.n.k.i.c.MonitorGc] GC Monitor: Application threads blocked for 2567ms.
2017-11-12 00:54:49.680+0000 WARN [o.n.k.i.c.MonitorGc] GC Monitor: Application threads blocked for 299ms.
2017-11-12 00:54:51.300+0000 WARN [o.n.k.i.c.MonitorGc] GC Monitor: Application threads blocked for 1520ms.
2017-11-12 00:54:52.905+0000 WARN [o.n.k.i.c.MonitorGc] GC Monitor: Application threads blocked for 1030ms.
2017-11-12 00:54:53.940+0000 WARN [o.n.k.i.c.MonitorGc] GC Monitor: Application threads blocked for 934ms.
2017-11-12 00:54:55.001+0000 WARN [o.n.k.i.c.MonitorGc] GC Monitor: Application threads blocked for 960ms.
2017-11-12 00:54:58.246+0000 WARN [o.n.k.i.c.MonitorGc] GC Monitor: Application threads blocked for 3144ms.
2017-11-12 00:55:00.028+0000 WARN [o.n.k.i.c.MonitorGc] GC Monitor: Application threads blocked for 944ms.
2017-11-12 00:55:00.670+0000 WARN [o.n.k.i.c.MonitorGc] GC Monitor: Application threads blocked for 542ms.
2017-11-12 00:55:01.966+0000 WARN [o.n.k.i.c.MonitorGc] GC Monitor: Application threads blocked for 680ms.
2017-11-12 00:55:08.622+0000 WARN [o.n.k.i.c.MonitorGc] GC Monitor: Application threads blocked for 6555ms.
2017-11-12 00:55:10.276+0000 WARN [o.n.k.i.c.MonitorGc] GC Monitor: Application threads blocked for 924ms.
2017-11-12 00:55:11.372+0000 WARN [o.n.k.i.c.MonitorGc] GC Monitor: Application threads blocked for 994ms.
2017-11-12 00:55:15.202+0000 WARN [o.n.k.i.c.MonitorGc] GC Monitor: Application threads blocked for 3730ms.
2017-11-12 00:55:16.126+0000 WARN [o.n.k.i.c.MonitorGc] GC Monitor: Application threads blocked for 816ms.
2017-11-12 00:55:17.536+0000 WARN [o.n.k.i.c.MonitorGc] GC Monitor: Application threads blocked for 1309ms.
2017-11-12 00:55:18.078+0000 WARN [o.n.k.i.c.MonitorGc] GC Monitor: Application threads blocked for 440ms.
2017-11-12 00:55:18.592+0000 WARN [o.n.k.i.c.MonitorGc] GC Monitor: Application threads blocked for 313ms.
2017-11-12 00:55:22.065+0000 WARN [o.n.k.i.c.MonitorGc] GC Monitor: Application threads blocked for 925ms.
2017-11-12 00:55:32.165+0000 WARN [o.n.k.i.c.MonitorGc] GC Monitor: Application threads blocked for 10000ms.
2017-11-12 00:55:35.492+0000 WARN [o.n.k.i.c.MonitorGc] GC Monitor: Application threads blocked for 3203ms.
2017-11-12 00:55:37.030+0000 WARN [o.n.k.i.c.MonitorGc] GC Monitor: Application threads blocked for 1438ms.
2017-11-12 00:55:37.702+0000 WARN [o.n.k.i.c.MonitorGc] GC Monitor: Application threads blocked for 571ms.
2017-11-12 00:55:39.909+0000 WARN [o.n.k.i.c.MonitorGc] GC Monitor: Application threads blocked for 2106ms.
2017-11-12 00:55:40.328+0000 WARN [o.n.k.i.c.MonitorGc] GC Monitor: Application threads blocked for 317ms.
2017-11-12 00:55:40.821+0000 WARN [o.n.k.i.c.MonitorGc] GC Monitor: Application threads blocked for 292ms.
2017-11-12 00:55:41.786+0000 WARN [o.n.k.i.c.MonitorGc] GC Monitor: Application threads blocked for 346ms.
2017-11-12 00:55:47.386+0000 WARN [o.n.k.i.c.MonitorGc] GC Monitor: Application threads blocked for 4881ms.
2017-11-12 00:55:51.769+0000 WARN [o.n.k.i.c.MonitorGc] GC Monitor: Application threads blocked for 4178ms.
2017-11-12 00:55:54.576+0000 WARN [o.n.k.i.c.MonitorGc] GC Monitor: Application threads blocked for 2606ms.
2017-11-12 00:55:59.578+0000 WARN [o.n.k.i.c.MonitorGc] GC Monitor: Application threads blocked for 4801ms.
2017-11-12 00:56:01.240+0000 WARN [o.n.k.i.c.MonitorGc] GC Monitor: Application threads blocked for 1562ms.
2017-11-12 00:56:11.341+0000 WARN [o.n.k.i.c.MonitorGc] GC Monitor: Application threads blocked for 10000ms.
2017-11-12 00:56:21.441+0000 WARN [o.n.k.i.c.MonitorGc] GC Monitor: Application threads blocked for 10000ms.
2017-11-12 00:56:26.789+0000 WARN [o.n.k.i.c.MonitorGc] GC Monitor: Application threads blocked for 5247ms.
2017-11-12 00:56:29.585+0000 WARN [o.n.k.i.c.MonitorGc] GC Monitor: Application threads blocked for 1866ms.
